2026-02-22 19:48:20,502 - INFO - Using device: cpu
2026-02-22 19:48:20,607 - INFO - Connecting to stream: http://192.168.68.101:8080
2026-02-22 19:48:21,701 - ERROR - VideoStream failed to open source: http://192.168.68.101:8080
2026-02-22 19:48:21,701 - INFO - Connecting to VideoStream...
2026-02-22 19:48:22,607 - ERROR - VideoStream failed to open source: http://192.168.68.101:8080
2026-02-22 19:48:22,608 - WARNING - Stream connection failed. Retrying in 5s...
2026-02-22 19:48:27,613 - INFO - Connecting to VideoStream...
2026-02-22 19:48:28,821 - INFO - Stopping due to KeyboardInterrupt...
2026-02-22 19:48:28,826 - INFO - Shutdown complete.
2026-02-22 19:49:19,780 - INFO - Using device: cpu
2026-02-22 19:49:19,875 - INFO - Connecting to stream: http://192.168.68.101:8080/video
2026-02-22 19:49:22,189 - WARNING - Frame read failed. Checking stream...
2026-02-22 19:49:39,436 - INFO - Saved locally: Face_2026-02-22_19-49-39_270_0_S82.jpg
2026-02-22 19:49:39,438 - INFO - Queued: Face_2026-02-22_19-49-39_270_0_S82.jpg
2026-02-22 19:49:39,461 - WARNING - Retrying (Retry(total=2, connect=None, read=None, redirect=None, status=None)) after connection broken by 'NameResolutionError("HTTPConnection(host='local.localhost', port=8000): Failed to resolve 'local.localhost' ([Errno 11001] getaddrinfo failed)")': /img_check
2026-02-22 19:49:39,940 - INFO - Saved locally: Face_2026-02-22_19-49-39_918_0_S158.jpg
2026-02-22 19:49:39,941 - INFO - Queued: Face_2026-02-22_19-49-39_918_0_S158.jpg
2026-02-22 19:49:41,488 - WARNING - Retrying (Retry(total=1, connect=None, read=None, redirect=None, status=None)) after connection broken by 'NameResolutionError("HTTPConnection(host='local.localhost', port=8000): Failed to resolve 'local.localhost' ([Errno 11001] getaddrinfo failed)")': /img_check
2026-02-22 19:49:42,218 - INFO - Saved locally: Face_2026-02-22_19-49-42_190_0_S137.jpg
2026-02-22 19:49:42,220 - INFO - Queued: Face_2026-02-22_19-49-42_190_0_S137.jpg
2026-02-22 19:49:45,597 - WARNING - Retrying (Retry(total=0, connect=None, read=None, redirect=None, status=None)) after connection broken by 'NameResolutionError("HTTPConnection(host='local.localhost', port=8000): Failed to resolve 'local.localhost' ([Errno 11001] getaddrinfo failed)")': /img_check
2026-02-22 19:49:45,604 - ERROR - Network error sending Face_2026-02-22_19-49-39_270_0_S82.jpg in background: HTTPConnectionPool(host='local.localhost', port=8000): Max retries exceeded with url: /img_check (Caused by NameResolutionError("HTTPConnection(host='local.localhost', port=8000): Failed to resolve 'local.localhost' ([Errno 11001] getaddrinfo failed)"))
2026-02-22 19:49:45,610 - WARNING - Retrying (Retry(total=2, connect=None, read=None, redirect=None, status=None)) after connection broken by 'NameResolutionError("HTTPConnection(host='local.localhost', port=8000): Failed to resolve 'local.localhost' ([Errno 11001] getaddrinfo failed)")': /img_check
2026-02-22 19:49:46,390 - INFO - Saved locally: Face_2026-02-22_19-49-46_367_0_S289.jpg
2026-02-22 19:49:46,392 - INFO - Queued: Face_2026-02-22_19-49-46_367_0_S289.jpg
2026-02-22 19:49:47,616 - WARNING - Retrying (Retry(total=1, connect=None, read=None, redirect=None, status=None)) after connection broken by 'NameResolutionError("HTTPConnection(host='local.localhost', port=8000): Failed to resolve 'local.localhost' ([Errno 11001] getaddrinfo failed)")': /img_check
2026-02-22 19:49:51,636 - WARNING - Retrying (Retry(total=0, connect=None, read=None, redirect=None, status=None)) after connection broken by 'NameResolutionError("HTTPConnection(host='local.localhost', port=8000): Failed to resolve 'local.localhost' ([Errno 11001] getaddrinfo failed)")': /img_check
2026-02-22 19:49:51,730 - ERROR - Network error sending Face_2026-02-22_19-49-39_918_0_S158.jpg in background: HTTPConnectionPool(host='local.localhost', port=8000): Max retries exceeded with url: /img_check (Caused by NameResolutionError("HTTPConnection(host='local.localhost', port=8000): Failed to resolve 'local.localhost' ([Errno 11001] getaddrinfo failed)"))
2026-02-22 19:49:51,741 - WARNING - Retrying (Retry(total=2, connect=None, read=None, redirect=None, status=None)) after connection broken by 'NameResolutionError("HTTPConnection(host='local.localhost', port=8000): Failed to resolve 'local.localhost' ([Errno 11001] getaddrinfo failed)")': /img_check
2026-02-22 19:49:53,842 - WARNING - Retrying (Retry(total=1, connect=None, read=None, redirect=None, status=None)) after connection broken by 'NameResolutionError("HTTPConnection(host='local.localhost', port=8000): Failed to resolve 'local.localhost' ([Errno 11001] getaddrinfo failed)")': /img_check
2026-02-22 19:49:55,293 - INFO - Saved locally: Face_2026-02-22_19-49-55_273_0_S374.jpg
2026-02-22 19:49:55,295 - INFO - Queued: Face_2026-02-22_19-49-55_273_0_S374.jpg
2026-02-22 19:49:57,345 - INFO - Saved locally: Face_2026-02-22_19-49-57_325_0_S318.jpg
2026-02-22 19:49:57,347 - INFO - Queued: Face_2026-02-22_19-49-57_325_0_S318.jpg
2026-02-22 19:49:57,881 - WARNING - Retrying (Retry(total=0, connect=None, read=None, redirect=None, status=None)) after connection broken by 'NameResolutionError("HTTPConnection(host='local.localhost', port=8000): Failed to resolve 'local.localhost' ([Errno 11001] getaddrinfo failed)")': /img_check
2026-02-22 19:49:57,894 - ERROR - Network error sending Face_2026-02-22_19-49-42_190_0_S137.jpg in background: HTTPConnectionPool(host='local.localhost', port=8000): Max retries exceeded with url: /img_check (Caused by NameResolutionError("HTTPConnection(host='local.localhost', port=8000): Failed to resolve 'local.localhost' ([Errno 11001] getaddrinfo failed)"))
2026-02-22 19:49:57,926 - WARNING - Retrying (Retry(total=2, connect=None, read=None, redirect=None, status=None)) after connection broken by 'NameResolutionError("HTTPConnection(host='local.localhost', port=8000): Failed to resolve 'local.localhost' ([Errno 11001] getaddrinfo failed)")': /img_check
2026-02-22 19:49:59,956 - WARNING - Retrying (Retry(total=1, connect=None, read=None, redirect=None, status=None)) after connection broken by 'NameResolutionError("HTTPConnection(host='local.localhost', port=8000): Failed to resolve 'local.localhost' ([Errno 11001] getaddrinfo failed)")': /img_check
2026-02-22 19:50:03,963 - WARNING - Retrying (Retry(total=0, connect=None, read=None, redirect=None, status=None)) after connection broken by 'NameResolutionError("HTTPConnection(host='local.localhost', port=8000): Failed to resolve 'local.localhost' ([Errno 11001] getaddrinfo failed)")': /img_check
2026-02-22 19:50:03,983 - ERROR - Network error sending Face_2026-02-22_19-49-46_367_0_S289.jpg in background: HTTPConnectionPool(host='local.localhost', port=8000): Max retries exceeded with url: /img_check (Caused by NameResolutionError("HTTPConnection(host='local.localhost', port=8000): Failed to resolve 'local.localhost' ([Errno 11001] getaddrinfo failed)"))
2026-02-22 19:50:03,990 - WARNING - Retrying (Retry(total=2, connect=None, read=None, redirect=None, status=None)) after connection broken by 'NameResolutionError("HTTPConnection(host='local.localhost', port=8000): Failed to resolve 'local.localhost' ([Errno 11001] getaddrinfo failed)")': /img_check
2026-02-22 19:50:06,005 - WARNING - Retrying (Retry(total=1, connect=None, read=None, redirect=None, status=None)) after connection broken by 'NameResolutionError("HTTPConnection(host='local.localhost', port=8000): Failed to resolve 'local.localhost' ([Errno 11001] getaddrinfo failed)")': /img_check
2026-02-22 19:50:08,615 - INFO - Saved locally: Face_2026-02-22_19-50-08_602_0_S94.jpg
2026-02-22 19:50:08,616 - INFO - Queued: Face_2026-02-22_19-50-08_602_0_S94.jpg
2026-02-22 19:50:10,021 - WARNING - Retrying (Retry(total=0, connect=None, read=None, redirect=None, status=None)) after connection broken by 'NameResolutionError("HTTPConnection(host='local.localhost', port=8000): Failed to resolve 'local.localhost' ([Errno 11001] getaddrinfo failed)")': /img_check
2026-02-22 19:50:10,035 - ERROR - Network error sending Face_2026-02-22_19-49-55_273_0_S374.jpg in background: HTTPConnectionPool(host='local.localhost', port=8000): Max retries exceeded with url: /img_check (Caused by NameResolutionError("HTTPConnection(host='local.localhost', port=8000): Failed to resolve 'local.localhost' ([Errno 11001] getaddrinfo failed)"))
2026-02-22 19:50:10,085 - WARNING - Retrying (Retry(total=2, connect=None, read=None, redirect=None, status=None)) after connection broken by 'NameResolutionError("HTTPConnection(host='local.localhost', port=8000): Failed to resolve 'local.localhost' ([Errno 11001] getaddrinfo failed)")': /img_check
2026-02-22 19:50:12,115 - WARNING - Retrying (Retry(total=1, connect=None, read=None, redirect=None, status=None)) after connection broken by 'NameResolutionError("HTTPConnection(host='local.localhost', port=8000): Failed to resolve 'local.localhost' ([Errno 11001] getaddrinfo failed)")': /img_check
2026-02-22 19:50:16,140 - WARNING - Retrying (Retry(total=0, connect=None, read=None, redirect=None, status=None)) after connection broken by 'NameResolutionError("HTTPConnection(host='local.localhost', port=8000): Failed to resolve 'local.localhost' ([Errno 11001] getaddrinfo failed)")': /img_check
2026-02-22 19:50:16,185 - ERROR - Network error sending Face_2026-02-22_19-49-57_325_0_S318.jpg in background: HTTPConnectionPool(host='local.localhost', port=8000): Max retries exceeded with url: /img_check (Caused by NameResolutionError("HTTPConnection(host='local.localhost', port=8000): Failed to resolve 'local.localhost' ([Errno 11001] getaddrinfo failed)"))
2026-02-22 19:50:16,250 - WARNING - Retrying (Retry(total=2, connect=None, read=None, redirect=None, status=None)) after connection broken by 'NameResolutionError("HTTPConnection(host='local.localhost', port=8000): Failed to resolve 'local.localhost' ([Errno 11001] getaddrinfo failed)")': /img_check
2026-02-22 19:50:18,278 - WARNING - Retrying (Retry(total=1, connect=None, read=None, redirect=None, status=None)) after connection broken by 'NameResolutionError("HTTPConnection(host='local.localhost', port=8000): Failed to resolve 'local.localhost' ([Errno 11001] getaddrinfo failed)")': /img_check
2026-02-22 19:50:22,304 - WARNING - Retrying (Retry(total=0, connect=None, read=None, redirect=None, status=None)) after connection broken by 'NameResolutionError("HTTPConnection(host='local.localhost', port=8000): Failed to resolve 'local.localhost' ([Errno 11001] getaddrinfo failed)")': /img_check
2026-02-22 19:50:23,501 - ERROR - Network error sending Face_2026-02-22_19-50-08_602_0_S94.jpg in background: HTTPConnectionPool(host='local.localhost', port=8000): Max retries exceeded with url: /img_check (Caused by NameResolutionError("HTTPConnection(host='local.localhost', port=8000): Failed to resolve 'local.localhost' ([Errno 11001] getaddrinfo failed)"))
2026-02-22 19:50:36,629 - INFO - Saved locally: Face_2026-02-22_19-50-36_587_0_S181.jpg
2026-02-22 19:50:36,632 - INFO - Queued: Face_2026-02-22_19-50-36_587_0_S181.jpg
2026-02-22 19:50:36,679 - WARNING - Retrying (Retry(total=2, connect=None, read=None, redirect=None, status=None)) after connection broken by 'NameResolutionError("HTTPConnection(host='local.localhost', port=8000): Failed to resolve 'local.localhost' ([Errno 11001] getaddrinfo failed)")': /img_check
2026-02-22 19:50:37,465 - INFO - Saved locally: Face_2026-02-22_19-50-37_414_0_S213.jpg
2026-02-22 19:50:37,468 - INFO - Queued: Face_2026-02-22_19-50-37_414_0_S213.jpg
2026-02-22 19:50:38,509 - INFO - Saved locally: Face_2026-02-22_19-50-38_464_0_S87.jpg
2026-02-22 19:50:38,513 - INFO - Queued: Face_2026-02-22_19-50-38_464_0_S87.jpg
2026-02-22 19:50:38,714 - WARNING - Retrying (Retry(total=1, connect=None, read=None, redirect=None, status=None)) after connection broken by 'NameResolutionError("HTTPConnection(host='local.localhost', port=8000): Failed to resolve 'local.localhost' ([Errno 11001] getaddrinfo failed)")': /img_check
2026-02-22 19:50:38,924 - INFO - Saved locally: Face_2026-02-22_19-50-38_879_0_S313.jpg
2026-02-22 19:50:38,928 - INFO - Queued: Face_2026-02-22_19-50-38_879_0_S313.jpg
2026-02-22 19:50:42,783 - WARNING - Retrying (Retry(total=0, connect=None, read=None, redirect=None, status=None)) after connection broken by 'NameResolutionError("HTTPConnection(host='local.localhost', port=8000): Failed to resolve 'local.localhost' ([Errno 11001] getaddrinfo failed)")': /img_check
2026-02-22 19:50:42,800 - ERROR - Network error sending Face_2026-02-22_19-50-36_587_0_S181.jpg in background: HTTPConnectionPool(host='local.localhost', port=8000): Max retries exceeded with url: /img_check (Caused by NameResolutionError("HTTPConnection(host='local.localhost', port=8000): Failed to resolve 'local.localhost' ([Errno 11001] getaddrinfo failed)"))
2026-02-22 19:50:42,809 - WARNING - Retrying (Retry(total=2, connect=None, read=None, redirect=None, status=None)) after connection broken by 'NameResolutionError("HTTPConnection(host='local.localhost', port=8000): Failed to resolve 'local.localhost' ([Errno 11001] getaddrinfo failed)")': /img_check
2026-02-22 19:50:44,835 - WARNING - Retrying (Retry(total=1, connect=None, read=None, redirect=None, status=None)) after connection broken by 'NameResolutionError("HTTPConnection(host='local.localhost', port=8000): Failed to resolve 'local.localhost' ([Errno 11001] getaddrinfo failed)")': /img_check
2026-02-22 19:50:48,852 - WARNING - Retrying (Retry(total=0, connect=None, read=None, redirect=None, status=None)) after connection broken by 'NameResolutionError("HTTPConnection(host='local.localhost', port=8000): Failed to resolve 'local.localhost' ([Errno 11001] getaddrinfo failed)")': /img_check
2026-02-22 19:50:48,995 - ERROR - Network error sending Face_2026-02-22_19-50-37_414_0_S213.jpg in background: HTTPConnectionPool(host='local.localhost', port=8000): Max retries exceeded with url: /img_check (Caused by NameResolutionError("HTTPConnection(host='local.localhost', port=8000): Failed to resolve 'local.localhost' ([Errno 11001] getaddrinfo failed)"))
2026-02-22 19:50:49,015 - WARNING - Retrying (Retry(total=2, connect=None, read=None, redirect=None, status=None)) after connection broken by 'NameResolutionError("HTTPConnection(host='local.localhost', port=8000): Failed to resolve 'local.localhost' ([Errno 11001] getaddrinfo failed)")': /img_check
2026-02-22 19:50:51,035 - WARNING - Retrying (Retry(total=1, connect=None, read=None, redirect=None, status=None)) after connection broken by 'NameResolutionError("HTTPConnection(host='local.localhost', port=8000): Failed to resolve 'local.localhost' ([Errno 11001] getaddrinfo failed)")': /img_check
2026-02-22 19:50:55,067 - WARNING - Retrying (Retry(total=0, connect=None, read=None, redirect=None, status=None)) after connection broken by 'NameResolutionError("HTTPConnection(host='local.localhost', port=8000): Failed to resolve 'local.localhost' ([Errno 11001] getaddrinfo failed)")': /img_check
2026-02-22 19:50:55,091 - ERROR - Network error sending Face_2026-02-22_19-50-38_464_0_S87.jpg in background: HTTPConnectionPool(host='local.localhost', port=8000): Max retries exceeded with url: /img_check (Caused by NameResolutionError("HTTPConnection(host='local.localhost', port=8000): Failed to resolve 'local.localhost' ([Errno 11001] getaddrinfo failed)"))
2026-02-22 19:50:55,139 - WARNING - Retrying (Retry(total=2, connect=None, read=None, redirect=None, status=None)) after connection broken by 'NameResolutionError("HTTPConnection(host='local.localhost', port=8000): Failed to resolve 'local.localhost' ([Errno 11001] getaddrinfo failed)")': /img_check
2026-02-22 19:50:57,169 - WARNING - Retrying (Retry(total=1, connect=None, read=None, redirect=None, status=None)) after connection broken by 'NameResolutionError("HTTPConnection(host='local.localhost', port=8000): Failed to resolve 'local.localhost' ([Errno 11001] getaddrinfo failed)")': /img_check
2026-02-22 19:51:02,057 - WARNING - Retrying (Retry(total=0, connect=None, read=None, redirect=None, status=None)) after connection broken by 'NameResolutionError("HTTPConnection(host='local.localhost', port=8000): Failed to resolve 'local.localhost' ([Errno 11001] getaddrinfo failed)")': /img_check
2026-02-22 19:51:02,095 - ERROR - Network error sending Face_2026-02-22_19-50-38_879_0_S313.jpg in background: HTTPConnectionPool(host='local.localhost', port=8000): Max retries exceeded with url: /img_check (Caused by NameResolutionError("HTTPConnection(host='local.localhost', port=8000): Failed to resolve 'local.localhost' ([Errno 11001] getaddrinfo failed)"))
2026-02-22 19:51:05,285 - INFO - Saved locally: Face_2026-02-22_19-51-05_267_0_S121.jpg
2026-02-22 19:51:05,287 - INFO - Queued: Face_2026-02-22_19-51-05_267_0_S121.jpg
2026-02-22 19:51:05,305 - WARNING - Retrying (Retry(total=2, connect=None, read=None, redirect=None, status=None)) after connection broken by 'NameResolutionError("HTTPConnection(host='local.localhost', port=8000): Failed to resolve 'local.localhost' ([Errno 11001] getaddrinfo failed)")': /img_check
2026-02-22 19:51:07,324 - WARNING - Retrying (Retry(total=1, connect=None, read=None, redirect=None, status=None)) after connection broken by 'NameResolutionError("HTTPConnection(host='local.localhost', port=8000): Failed to resolve 'local.localhost' ([Errno 11001] getaddrinfo failed)")': /img_check
2026-02-22 19:51:11,348 - WARNING - Retrying (Retry(total=0, connect=None, read=None, redirect=None, status=None)) after connection broken by 'NameResolutionError("HTTPConnection(host='local.localhost', port=8000): Failed to resolve 'local.localhost' ([Errno 11001] getaddrinfo failed)")': /img_check
2026-02-22 19:51:11,359 - ERROR - Network error sending Face_2026-02-22_19-51-05_267_0_S121.jpg in background: HTTPConnectionPool(host='local.localhost', port=8000): Max retries exceeded with url: /img_check (Caused by NameResolutionError("HTTPConnection(host='local.localhost', port=8000): Failed to resolve 'local.localhost' ([Errno 11001] getaddrinfo failed)"))
2026-02-22 19:51:18,295 - INFO - Saved locally: Face_2026-02-22_19-51-18_278_0_S231.jpg
2026-02-22 19:51:18,296 - INFO - Queued: Face_2026-02-22_19-51-18_278_0_S231.jpg
2026-02-22 19:51:18,339 - WARNING - Retrying (Retry(total=2, connect=None, read=None, redirect=None, status=None)) after connection broken by 'NameResolutionError("HTTPConnection(host='local.localhost', port=8000): Failed to resolve 'local.localhost' ([Errno 11001] getaddrinfo failed)")': /img_check
2026-02-22 19:51:18,748 - INFO - Saved locally: Face_2026-02-22_19-51-18_732_0_S195.jpg
2026-02-22 19:51:18,750 - INFO - Queued: Face_2026-02-22_19-51-18_732_0_S195.jpg
2026-02-22 19:51:20,112 - INFO - Saved locally: Face_2026-02-22_19-51-20_098_0_S134.jpg
2026-02-22 19:51:20,115 - INFO - Queued: Face_2026-02-22_19-51-20_098_0_S134.jpg
2026-02-22 19:51:20,393 - WARNING - Retrying (Retry(total=1, connect=None, read=None, redirect=None, status=None)) after connection broken by 'NameResolutionError("HTTPConnection(host='local.localhost', port=8000): Failed to resolve 'local.localhost' ([Errno 11001] getaddrinfo failed)")': /img_check
2026-02-22 19:51:24,414 - WARNING - Retrying (Retry(total=0, connect=None, read=None, redirect=None, status=None)) after connection broken by 'NameResolutionError("HTTPConnection(host='local.localhost', port=8000): Failed to resolve 'local.localhost' ([Errno 11001] getaddrinfo failed)")': /img_check
2026-02-22 19:51:24,427 - ERROR - Network error sending Face_2026-02-22_19-51-18_278_0_S231.jpg in background: HTTPConnectionPool(host='local.localhost', port=8000): Max retries exceeded with url: /img_check (Caused by NameResolutionError("HTTPConnection(host='local.localhost', port=8000): Failed to resolve 'local.localhost' ([Errno 11001] getaddrinfo failed)"))
2026-02-22 19:51:24,439 - WARNING - Retrying (Retry(total=2, connect=None, read=None, redirect=None, status=None)) after connection broken by 'NameResolutionError("HTTPConnection(host='local.localhost', port=8000): Failed to resolve 'local.localhost' ([Errno 11001] getaddrinfo failed)")': /img_check
2026-02-22 19:51:26,462 - WARNING - Retrying (Retry(total=1, connect=None, read=None, redirect=None, status=None)) after connection broken by 'NameResolutionError("HTTPConnection(host='local.localhost', port=8000): Failed to resolve 'local.localhost' ([Errno 11001] getaddrinfo failed)")': /img_check
2026-02-22 19:51:30,549 - WARNING - Retrying (Retry(total=0, connect=None, read=None, redirect=None, status=None)) after connection broken by 'NameResolutionError("HTTPConnection(host='local.localhost', port=8000): Failed to resolve 'local.localhost' ([Errno 11001] getaddrinfo failed)")': /img_check
2026-02-22 19:51:30,557 - ERROR - Network error sending Face_2026-02-22_19-51-18_732_0_S195.jpg in background: HTTPConnectionPool(host='local.localhost', port=8000): Max retries exceeded with url: /img_check (Caused by NameResolutionError("HTTPConnection(host='local.localhost', port=8000): Failed to resolve 'local.localhost' ([Errno 11001] getaddrinfo failed)"))
2026-02-22 19:51:30,564 - WARNING - Retrying (Retry(total=2, connect=None, read=None, redirect=None, status=None)) after connection broken by 'NameResolutionError("HTTPConnection(host='local.localhost', port=8000): Failed to resolve 'local.localhost' ([Errno 11001] getaddrinfo failed)")': /img_check
2026-02-22 19:51:32,576 - WARNING - Retrying (Retry(total=1, connect=None, read=None, redirect=None, status=None)) after connection broken by 'NameResolutionError("HTTPConnection(host='local.localhost', port=8000): Failed to resolve 'local.localhost' ([Errno 11001] getaddrinfo failed)")': /img_check
2026-02-22 19:51:36,592 - WARNING - Retrying (Retry(total=0, connect=None, read=None, redirect=None, status=None)) after connection broken by 'NameResolutionError("HTTPConnection(host='local.localhost', port=8000): Failed to resolve 'local.localhost' ([Errno 11001] getaddrinfo failed)")': /img_check
2026-02-22 19:51:37,644 - ERROR - Network error sending Face_2026-02-22_19-51-20_098_0_S134.jpg in background: HTTPConnectionPool(host='local.localhost', port=8000): Max retries exceeded with url: /img_check (Caused by NameResolutionError("HTTPConnection(host='local.localhost', port=8000): Failed to resolve 'local.localhost' ([Errno 11001] getaddrinfo failed)"))
2026-02-22 19:51:59,541 - INFO - Saved locally: Face_2026-02-22_19-51-59_518_0_S265.jpg
2026-02-22 19:51:59,543 - INFO - Queued: Face_2026-02-22_19-51-59_518_0_S265.jpg
2026-02-22 19:51:59,579 - WARNING - Retrying (Retry(total=2, connect=None, read=None, redirect=None, status=None)) after connection broken by 'NameResolutionError("HTTPConnection(host='local.localhost', port=8000): Failed to resolve 'local.localhost' ([Errno 11001] getaddrinfo failed)")': /img_check
2026-02-22 19:52:01,607 - WARNING - Retrying (Retry(total=1, connect=None, read=None, redirect=None, status=None)) after connection broken by 'NameResolutionError("HTTPConnection(host='local.localhost', port=8000): Failed to resolve 'local.localhost' ([Errno 11001] getaddrinfo failed)")': /img_check
2026-02-22 19:52:05,848 - WARNING - Retrying (Retry(total=0, connect=None, read=None, redirect=None, status=None)) after connection broken by 'NameResolutionError("HTTPConnection(host='local.localhost', port=8000): Failed to resolve 'local.localhost' ([Errno 11001] getaddrinfo failed)")': /img_check
2026-02-22 19:52:05,854 - ERROR - Network error sending Face_2026-02-22_19-51-59_518_0_S265.jpg in background: HTTPConnectionPool(host='local.localhost', port=8000): Max retries exceeded with url: /img_check (Caused by NameResolutionError("HTTPConnection(host='local.localhost', port=8000): Failed to resolve 'local.localhost' ([Errno 11001] getaddrinfo failed)"))
2026-02-22 19:52:10,136 - WARNING - VideoStream lost connection. Internal thread stopping.
2026-02-22 19:52:10,141 - INFO - Connecting to VideoStream...
2026-02-22 19:52:25,596 - INFO - Stopping due to KeyboardInterrupt...
2026-02-22 19:52:25,614 - INFO - Shutdown complete.
